<?xml version="1.0" encoding="UTF-8"?>
<testsuites>
  <testsuite name="hello" timestamp="2024-07-08T09:17:43Z" hostname="6dc5ddef9035" tests="3" skipped="0" failures="0" errors="0" time="0.22">
    <testcase time="0.012" classname="hello" name="hello_works"/>
    <testcase time="0.196" classname="hello" name="hello_cli_works"/>
    <testcase time="0.012" classname="hello" name="fix_me_"/>
  </testsuite>
</testsuites>
